<?xml version="1.0" encoding="UTF-8"?>
<testsuites><testsuite name="BackstopJS" tests="160"><testcase name=" ›› Anchor Hover" classname="[data-backstop='cdr-link']"/><testcase name=" ›› Anchor Hover" classname="[data-backstop='cdr-link--standalone']"/><testcase name=" ›› Anchor Hover" classname="[data-backstop='cdr-link--button']"/><testcase name=" ›› Anchor Hover" classname="[data-backstop='cdr-link']"/><testcase name=" ›› Anchor Hover" classname="[data-backstop='cdr-link--standalone']"/><testcase name=" ›› Anchor Hover" classname="[data-backstop='cdr-link--button']"/><testcase name=" ›› Anchor Hover" classname="[data-backstop='cdr-link']"/><testcase name=" ›› Anchor Hover" classname="[data-backstop='cdr-link--standalone']"/><testcase name=" ›› Anchor Hover" classname="[data-backstop='cdr-link--button']"/><testcase name=" ›› Anchor Hover" classname="[data-backstop='cdr-link']"/><testcase name=" ›› Anchor Hover" classname="[data-backstop='cdr-link--standalone']"/><testcase name=" ›› Anchor Hover" classname="[data-backstop='cdr-link--button']"/><testcase name=" ›› Anchor" classname="[data-backstop='anchors']"/><testcase name=" ›› Anchor" classname="[data-backstop='anchors']"/><testcase name=" ›› Anchor" classname="[data-backstop='anchors']"/><testcase name=" ›› Anchor" classname="[data-backstop='anchors']"/><testcase name=" ›› Button Hover" classname="[data-backstop='cdr-button']"/><testcase name=" ›› Button Hover" classname="[data-backstop='cdr-button--secondary']"/><testcase name=" ›› Button Hover" classname="[data-backstop='cdr-button']"/><testcase name=" ›› Button Hover" classname="[data-backstop='cdr-button--secondary']"/><testcase name=" ›› Button Hover" classname="[data-backstop='cdr-button']"/><testcase name=" ›› Button Hover" classname="[data-backstop='cdr-button--secondary']"/><testcase name=" ›› Button Hover" classname="[data-backstop='cdr-button']"/><testcase name=" ›› Button Hover" classname="[data-backstop='cdr-button--secondary']"/><testcase name=" ›› Button" classname="[data-backstop='buttons']"/><testcase name=" ›› Button" classname="[data-backstop='buttons']"/><testcase name=" ›› Button" classname="[data-backstop='buttons']"/><testcase name=" ›› Button" classname="[data-backstop='buttons']"/><testcase name=" ›› Card" classname="[data-backstop='simple-card']"/><testcase name=" ›› Card" classname="[data-backstop='simple-card']"/><testcase name=" ›› Card" classname="[data-backstop='simple-card']"/><testcase name=" ›› Card" classname="[data-backstop='simple-card']"/><testcase name=" ›› Content Card" classname="[data-backstop='simple-content-card']"/><testcase name=" ›› Content Card" classname="[data-backstop='simple-content-card']"/><testcase name=" ›› Content Card" classname="[data-backstop='simple-content-card']"/><testcase name=" ›› Content Card" classname="[data-backstop='simple-content-card']"/><testcase name=" ›› Checkbox" classname="[data-backstop='checkboxes']"/><testcase name=" ›› Checkbox" classname="[data-backstop='checkboxes']"/><testcase name=" ›› Checkbox" classname="[data-backstop='checkboxes']"/><testcase name=" ›› Checkbox" classname="[data-backstop='checkboxes']"/><testcase name=" ›› Row" classname="[data-backstop='row-basic']"/><testcase name=" ›› Row" classname="[data-backstop='row-md']"/><testcase name=" ›› Row" classname="[data-backstop='row-lg']"/><testcase name=" ›› Row" classname="[data-backstop='row-xl']"/><testcase name=" ›› Row" classname="[data-backstop='row-xxl']"/><testcase name=" ›› Row" classname="[data-backstop='row-responsive']"/><testcase name=" ›› Row" classname="[data-backstop='col-md']"/><testcase name=" ›› Row" classname="[data-backstop='col-lg']"/><testcase name=" ›› Row" classname="[data-backstop='col-xl']"/><testcase name=" ›› Row" classname="[data-backstop='col-xxl']"/><testcase name=" ›› Row" classname="[data-backstop='col-hide']"/><testcase name=" ›› Row" classname="[data-backstop='row-mosaic']"/><testcase name=" ›› Row" classname="[data-backstop='row-mosaic-list']"/><testcase name=" ›› Row" classname="[data-backstop='row-basic']"/><testcase name=" ›› Row" classname="[data-backstop='row-md']"/><testcase name=" ›› Row" classname="[data-backstop='row-lg']"/><testcase name=" ›› Row" classname="[data-backstop='row-xl']"/><testcase name=" ›› Row" classname="[data-backstop='row-xxl']"/><testcase name=" ›› Row" classname="[data-backstop='row-responsive']"/><testcase name=" ›› Row" classname="[data-backstop='col-md']"/><testcase name=" ›› Row" classname="[data-backstop='col-lg']"/><testcase name=" ›› Row" classname="[data-backstop='col-xl']"/><testcase name=" ›› Row" classname="[data-backstop='col-xxl']"/><testcase name=" ›› Row" classname="[data-backstop='col-hide']"/><testcase name=" ›› Row" classname="[data-backstop='row-mosaic']"/><testcase name=" ›› Row" classname="[data-backstop='row-mosaic-list']"/><testcase name=" ›› Row" classname="[data-backstop='row-basic']"/><testcase name=" ›› Row" classname="[data-backstop='row-md']"/><testcase name=" ›› Row" classname="[data-backstop='row-lg']"/><testcase name=" ›› Row" classname="[data-backstop='row-xl']"/><testcase name=" ›› Row" classname="[data-backstop='row-xxl']"/><testcase name=" ›› Row" classname="[data-backstop='row-responsive']"/><testcase name=" ›› Row" classname="[data-backstop='col-md']"/><testcase name=" ›› Row" classname="[data-backstop='col-lg']"/><testcase name=" ›› Row" classname="[data-backstop='col-xl']"/><testcase name=" ›› Row" classname="[data-backstop='col-xxl']"/><testcase name=" ›› Row" classname="[data-backstop='col-hide']"/><testcase name=" ›› Row" classname="[data-backstop='row-mosaic']"/><testcase name=" ›› Row" classname="[data-backstop='row-mosaic-list']"/><testcase name=" ›› Row" classname="[data-backstop='row-basic']"/><testcase name=" ›› Row" classname="[data-backstop='row-md']"/><testcase name=" ›› Row" classname="[data-backstop='row-lg']"/><testcase name=" ›› Row" classname="[data-backstop='row-xl']"/><testcase name=" ›› Row" classname="[data-backstop='row-xxl']"/><testcase name=" ›› Row" classname="[data-backstop='row-responsive']"/><testcase name=" ›› Row" classname="[data-backstop='col-md']"/><testcase name=" ›› Row" classname="[data-backstop='col-lg']"/><testcase name=" ›› Row" classname="[data-backstop='col-xl']"/><testcase name=" ›› Row" classname="[data-backstop='col-xxl']"/><testcase name=" ›› Row" classname="[data-backstop='col-hide']"/><testcase name=" ›› Row" classname="[data-backstop='row-mosaic']"/><testcase name=" ›› Row" classname="[data-backstop='row-mosaic-list']"/><testcase name=" ›› Heading" classname="[data-backstop='headings']"/><testcase name=" ›› Heading" classname="[data-backstop='headings']"/><testcase name=" ›› Heading" classname="[data-backstop='headings']"/><testcase name=" ›› Heading" classname="[data-backstop='headings']"/><testcase name=" ›› Icon Hover" classname="[data-backstop='cdr-icon-add']"/><testcase name=" ›› Icon Hover" classname="[data-backstop='cdr-icon-add']"/><testcase name=" ›› Icon Hover" classname="[data-backstop='cdr-icon-add']"/><testcase name=" ›› Icon Hover" classname="[data-backstop='cdr-icon-add']"/><testcase name=" ›› Icon" classname="[data-backstop='icons']"/><testcase name=" ›› Icon" classname="[data-backstop='icons']"/><testcase name=" ›› Icon" classname="[data-backstop='icons']"/><testcase name=" ›› Icon" classname="[data-backstop='icons']"/><testcase name=" ›› Images" classname="[data-backstop='image-aspect-ratio']"/><testcase name=" ›› Images" classname="[data-backstop='image-cropping']"/><testcase name=" ›› Images" classname="[data-backstop='image-mods']"/><testcase name=" ›› Images" classname="[data-backstop='image-standard']"/><testcase name=" ›› Images" classname="[data-backstop='image-aspect-ratio']"/><testcase name=" ›› Images" classname="[data-backstop='image-cropping']"/><testcase name=" ›› Images" classname="[data-backstop='image-mods']"/><testcase name=" ›› Images" classname="[data-backstop='image-standard']"/><testcase name=" ›› Images" classname="[data-backstop='image-aspect-ratio']"/><testcase name=" ›› Images" classname="[data-backstop='image-cropping']"/><testcase name=" ›› Images" classname="[data-backstop='image-mods']"/><testcase name=" ›› Images" classname="[data-backstop='image-standard']"/><testcase name=" ›› Images" classname="[data-backstop='image-aspect-ratio']"/><testcase name=" ›› Images" classname="[data-backstop='image-cropping']"/><testcase name=" ›› Images" classname="[data-backstop='image-mods']"/><testcase name=" ›› Images" classname="[data-backstop='image-standard']"/><testcase name=" ›› Input" classname="[data-backstop='inputs']"/><testcase name=" ›› Input" classname="[data-backstop='inputs']"/><testcase name=" ›› Input" classname="[data-backstop='inputs']"/><testcase name=" ›› Input" classname="[data-backstop='inputs']"/><testcase name=" ›› Lists" classname="[data-backstop='lists']"/><testcase name=" ›› Lists" classname="[data-backstop='lists']"/><testcase name=" ›› Lists" classname="[data-backstop='lists']"/><testcase name=" ›› Lists" classname="[data-backstop='lists']"/><testcase name=" ›› Media object" classname="[data-backstop='figure-placement']"/><testcase name=" ›› Media object" classname="[data-backstop='media-object-flux']"/><testcase name=" ›› Media object" classname="[data-backstop='media-shape-align']"/><testcase name=" ›› Media object" classname="[data-backstop='media-object-overlay']"/><testcase name=" ›› Media object" classname="[data-backstop='figure-placement']"/><testcase name=" ›› Media object" classname="[data-backstop='media-object-flux']"/><testcase name=" ›› Media object" classname="[data-backstop='media-shape-align']"/><testcase name=" ›› Media object" classname="[data-backstop='media-object-overlay']"/><testcase name=" ›› Media object" classname="[data-backstop='figure-placement']"/><testcase name=" ›› Media object" classname="[data-backstop='media-object-flux']"/><testcase name=" ›› Media object" classname="[data-backstop='media-shape-align']"/><testcase name=" ›› Media object" classname="[data-backstop='media-object-overlay']"/><testcase name=" ›› Media object" classname="[data-backstop='figure-placement']"/><testcase name=" ›› Media object" classname="[data-backstop='media-object-flux']"/><testcase name=" ›› Media object" classname="[data-backstop='media-shape-align']"/><testcase name=" ›› Media object" classname="[data-backstop='media-object-overlay']"/><testcase name=" ›› Radio" classname="[data-backstop='radios']"/><testcase name=" ›› Radio" classname="[data-backstop='radios']"/><testcase name=" ›› Radio" classname="[data-backstop='radios']"/><testcase name=" ›› Radio" classname="[data-backstop='radios']"/><testcase name=" ›› Select" classname="[data-backstop='selects']"/><testcase name=" ›› Select" classname="[data-backstop='selects']"/><testcase name=" ›› Select" classname="[data-backstop='selects']"/><testcase name=" ›› Select" classname="[data-backstop='selects']"/><testcase name=" ›› Search" classname="[data-backstop='search']"/><testcase name=" ›› Search" classname="[data-backstop='search']"/><testcase name=" ›› Search" classname="[data-backstop='search']"/><testcase name=" ›› Search" classname="[data-backstop='search']"/><testcase name=" ›› Mountains" classname="[data-backstop='mountain-shapes']"/><testcase name=" ›› Mountains" classname="[data-backstop='mountain-shapes']"/><testcase name=" ›› Mountains" classname="[data-backstop='mountain-shapes']"/><testcase name=" ›› Mountains" classname="[data-backstop='mountain-shapes']"/></testsuite></testsuites>